Exception in thread "AWT-EventQueue-0" java.lang.NullPointerException
	at javax.swing.text.FlowView$FlowStrategy.layoutRow(Unknown Source)
	at javax.swing.text.FlowView$FlowStrategy.layout(Unknown Source)
	at javax.swing.text.FlowView.layout(Unknown Source)
	at javax.swing.text.BoxView.setSize(Unknown Source)
	at javax.swing.text.BoxView.updateChildSizes(Unknown Source)
	at javax.swing.text.BoxView.setSpanOnAxis(Unknown Source)
	at javax.swing.text.BoxView.layout(Unknown Source)
	at javax.swing.text.BoxView.setSize(Unknown Source)
	at javax.swing.plaf.basic.BasicTextUI$RootView.setSize(Unknown Source)
	at javax.swing.plaf.basic.BasicTextUI.modelToView(Unknown Source)
	at javax.swing.text.DefaultCaret.repaintNewCaret(Unknown Source)
	at javax.swing.text.DefaultCaret$1.run(Unknown Source)
	at java.awt.event.InvocationEvent.dispatch(Unknown Source)
	at java.awt.EventQueue.dispatchEventImpl(Unknown Source)
	at java.awt.EventQueue.access$200(Unknown Source)
	at java.awt.EventQueue$3.run(Unknown Source)
	at java.awt.EventQueue$3.run(Unknown Source)
	at java.security.AccessController.doPrivileged(Native Method)
	at java.security.ProtectionDomain$1.doIntersectionPrivilege(Unknown Source)
	at java.awt.EventQueue.dispatchEvent(Unknown Source)
	at java.awt.EventDispatchThread.pumpOneEventForFilters(Unknown Source)
	at java.awt.EventDispatchThread.pumpEventsForFilter(Unknown Source)
	at java.awt.EventDispatchThread.pumpEventsForHierarchy(Unknown Source)
	at java.awt.EventDispatchThread.pumpEvents(Unknown Source)
	at java.awt.EventDispatchThread.pumpEvents(Unknown Source)
	at java.awt.EventDispatchThread.run(Unknown Source)
